  [1m[35m (0.2ms)[0m  [1m[35mSET NAMES utf8,  @@SESSION.sql_mode = CONCAT(CONCAT(@@sql_mode, ',STRICT_ALL_TABLES'), ',NO_AUTO_VALUE_ON_ZERO'),  @@SESSION.sql_auto_is_null = 0, @@SESSION.wait_timeout = 2147483[0m
  ↳ /home/jason/.rvm/gems/ruby-2.6.1/bin/rake:23
  [1m[35m (0.2ms)[0m  [1m[35mCREATE DATABASE `Project_development` DEFAULT CHARACTER SET `utf8`[0m
  ↳ /home/jason/.rvm/gems/ruby-2.6.1/bin/rake:23
  [1m[35m (0.1ms)[0m  [1m[35mSET NAMES utf8,  @@SESSION.sql_mode = CONCAT(CONCAT(@@sql_mode, ',STRICT_ALL_TABLES'), ',NO_AUTO_VALUE_ON_ZERO'),  @@SESSION.sql_auto_is_null = 0, @@SESSION.wait_timeout = 2147483[0m
  ↳ /home/jason/.rvm/gems/ruby-2.6.1/bin/rake:23
  [1m[35m (0.1ms)[0m  [1m[35mCREATE DATABASE `Project_test` DEFAULT CHARACTER SET `utf8`[0m
  ↳ /home/jason/.rvm/gems/ruby-2.6.1/bin/rake:23
  [1m[35m (0.2ms)[0m  [1m[35mSET NAMES utf8,  @@SESSION.sql_mode = CONCAT(CONCAT(@@sql_mode, ',STRICT_ALL_TABLES'), ',NO_AUTO_VALUE_ON_ZERO'),  @@SESSION.sql_auto_is_null = 0, @@SESSION.wait_timeout = 2147483[0m
  ↳ /home/jason/.rvm/gems/ruby-2.6.1/bin/rake:23
  [1m[35m (41.3ms)[0m  [1m[35mCREATE TABLE `schema_migrations` (`version` varchar(255) NOT NULL PRIMARY KEY)[0m
  ↳ /home/jason/.rvm/gems/ruby-2.6.1/bin/rake:23
  [1m[35m (31.8ms)[0m  [1m[35mCREATE TABLE `ar_internal_metadata` (`key` varchar(255) NOT NULL PRIMARY KEY, `value` varchar(255), `created_at` datetime NOT NULL, `updated_at` datetime NOT NULL)[0m
  ↳ /home/jason/.rvm/gems/ruby-2.6.1/bin/rake:23
  [1m[35m (0.2ms)[0m  [1m[34mSELECT GET_LOCK('1605976831841687025', 0)[0m
  ↳ /home/jason/.rvm/gems/ruby-2.6.1/bin/rake:23
  [1m[35m (0.2ms)[0m  [1m[34mSELECT `schema_migrations`.`version` FROM `schema_migrations` ORDER BY `schema_migrations`.`version` ASC[0m
  ↳ /home/jason/.rvm/gems/ruby-2.6.1/bin/rake:23
Migrating to CreateActiveStorageTables (20200331220859)
  [1m[35m (36.0ms)[0m  [1m[35mCREATE TABLE `active_storage_blobs` (`id` bigint NOT NULL AUTO_INCREMENT PRIMARY KEY, `key` varchar(255) NOT NULL, `filename` varchar(255) NOT NULL, `content_type` varchar(255), `metadata` text, `byte_size` bigint NOT NULL, `checksum` varchar(255) NOT NULL, `created_at` datetime NOT NULL, UNIQUE INDEX `index_active_storage_blobs_on_key`  (`key`))[0m
  ↳ db/migrate/20200331220859_create_active_storage_tables.active_storage.rb:4
  [1m[35m (41.4ms)[0m  [1m[35mCREATE TABLE `active_storage_attachments` (`id` bigint NOT NULL AUTO_INCREMENT PRIMARY KEY, `name` varchar(255) NOT NULL, `record_type` varchar(255) NOT NULL, `record_id` bigint NOT NULL, `blob_id` bigint NOT NULL, `created_at` datetime NOT NULL,  INDEX `index_active_storage_attachments_on_blob_id`  (`blob_id`), UNIQUE INDEX `index_active_storage_attachments_uniqueness`  (`record_type`, `record_id`, `name`, `blob_id`), CONSTRAINT `fk_rails_c3b3935057`
FOREIGN KEY (`blob_id`)
  REFERENCES `active_storage_blobs` (`id`)
)[0m
  ↳ db/migrate/20200331220859_create_active_storage_tables.active_storage.rb:16
  [1m[35m (0.3ms)[0m  [1m[35mBEGIN[0m
  ↳ /home/jason/.rvm/gems/ruby-2.6.1/bin/rake:23
  [1m[36mActiveRecord::SchemaMigration Create (0.4ms)[0m  [1m[32mINSERT INTO `schema_migrations` (`version`) VALUES ('20200331220859')[0m
  ↳ /home/jason/.rvm/gems/ruby-2.6.1/bin/rake:23
  [1m[35m (4.6ms)[0m  [1m[35mCOMMIT[0m
  ↳ /home/jason/.rvm/gems/ruby-2.6.1/bin/rake:23
Migrating to CreateProducts (20200331225316)
  [1m[35m (32.7ms)[0m  [1m[35mCREATE TABLE `products` (`id` bigint NOT NULL AUTO_INCREMENT PRIMARY KEY, `name` varchar(255), `description` text, `s_bid` float(24), `deadline` datetime, `contact` varchar(255), `created_at` datetime NOT NULL, `updated_at` datetime NOT NULL)[0m
  ↳ db/migrate/20200331225316_create_products.rb:3
  [1m[35m (0.3ms)[0m  [1m[35mBEGIN[0m
  ↳ /home/jason/.rvm/gems/ruby-2.6.1/bin/rake:23
  [1m[36mActiveRecord::SchemaMigration Create (0.4ms)[0m  [1m[32mINSERT INTO `schema_migrations` (`version`) VALUES ('20200331225316')[0m
  ↳ /home/jason/.rvm/gems/ruby-2.6.1/bin/rake:23
  [1m[35m (8.7ms)[0m  [1m[35mCOMMIT[0m
  ↳ /home/jason/.rvm/gems/ruby-2.6.1/bin/rake:23
Migrating to DeviseCreateUsers (20200331230041)
  [1m[35m (34.3ms)[0m  [1m[35mCREATE TABLE `users` (`id` bigint NOT NULL AUTO_INCREMENT PRIMARY KEY, `email` varchar(255) DEFAULT '' NOT NULL, `encrypted_password` varchar(255) DEFAULT '' NOT NULL, `reset_password_token` varchar(255), `reset_password_sent_at` datetime, `remember_created_at` datetime, `created_at` datetime NOT NULL, `updated_at` datetime NOT NULL)[0m
  ↳ db/migrate/20200331230041_devise_create_users.rb:5
  [1m[35m (65.8ms)[0m  [1m[35mCREATE UNIQUE INDEX `index_users_on_email`  ON `users` (`email`) [0m
  ↳ db/migrate/20200331230041_devise_create_users.rb:39
  [1m[35m (28.0ms)[0m  [1m[35mCREATE UNIQUE INDEX `index_users_on_reset_password_token`  ON `users` (`reset_password_token`) [0m
  ↳ db/migrate/20200331230041_devise_create_users.rb:40
  [1m[35m (0.3ms)[0m  [1m[35mBEGIN[0m
  ↳ /home/jason/.rvm/gems/ruby-2.6.1/bin/rake:23
  [1m[36mActiveRecord::SchemaMigration Create (0.4ms)[0m  [1m[32mINSERT INTO `schema_migrations` (`version`) VALUES ('20200331230041')[0m
  ↳ /home/jason/.rvm/gems/ruby-2.6.1/bin/rake:23
  [1m[35m (4.7ms)[0m  [1m[35mCOMMIT[0m
  ↳ /home/jason/.rvm/gems/ruby-2.6.1/bin/rake:23
  [1m[36mActiveRecord::InternalMetadata Load (0.5ms)[0m  [1m[34mSELECT  `ar_internal_metadata`.* FROM `ar_internal_metadata` WHERE `ar_internal_metadata`.`key` = 'environment' LIMIT 1[0m
  ↳ /home/jason/.rvm/gems/ruby-2.6.1/bin/rake:23
  [1m[35m (0.3ms)[0m  [1m[35mBEGIN[0m
  ↳ /home/jason/.rvm/gems/ruby-2.6.1/bin/rake:23
  [1m[36mActiveRecord::InternalMetadata Create (0.4ms)[0m  [1m[32mINSERT INTO `ar_internal_metadata` (`key`, `value`, `created_at`, `updated_at`) VALUES ('environment', 'development', '2020-03-31 23:01:56', '2020-03-31 23:01:56')[0m
  ↳ /home/jason/.rvm/gems/ruby-2.6.1/bin/rake:23
  [1m[35m (4.6ms)[0m  [1m[35mCOMMIT[0m
  ↳ /home/jason/.rvm/gems/ruby-2.6.1/bin/rake:23
  [1m[35m (0.3ms)[0m  [1m[34mSELECT RELEASE_LOCK('1605976831841687025')[0m
  ↳ /home/jason/.rvm/gems/ruby-2.6.1/bin/rake:23
  [1m[35m (0.4ms)[0m  [1m[34mSELECT `schema_migrations`.`version` FROM `schema_migrations` ORDER BY `schema_migrations`.`version` ASC[0m
  ↳ /home/jason/.rvm/gems/ruby-2.6.1/bin/rake:23
Started GET "/posts/1" for 127.0.0.1 at 2020-04-01 04:32:36 +0530
  [1m[35m (0.2ms)[0m  [1m[35mSET NAMES utf8,  @@SESSION.sql_mode = CONCAT(CONCAT(@@sql_mode, ',STRICT_ALL_TABLES'), ',NO_AUTO_VALUE_ON_ZERO'),  @@SESSION.sql_auto_is_null = 0, @@SESSION.wait_timeout = 2147483[0m
  ↳ /home/jason/.rvm/gems/ruby-2.6.1/gems/activerecord-5.2.4.2/lib/active_record/log_subscriber.rb:98
  [1m[35m (0.2ms)[0m  [1m[34mSELECT `schema_migrations`.`version` FROM `schema_migrations` ORDER BY `schema_migrations`.`version` ASC[0m
  ↳ /home/jason/.rvm/gems/ruby-2.6.1/gems/activerecord-5.2.4.2/lib/active_record/log_subscriber.rb:98
  
ActionController::RoutingError (No route matches [GET] "/posts/1"):
  
actionpack (5.2.4.2) lib/action_dispatch/middleware/debug_exceptions.rb:65:in `call'
web-console (3.7.0) lib/web_console/middleware.rb:135:in `call_app'
web-console (3.7.0) lib/web_console/middleware.rb:30:in `block in call'
web-console (3.7.0) lib/web_console/middleware.rb:20:in `catch'
web-console (3.7.0) lib/web_console/middleware.rb:20:in `call'
actionpack (5.2.4.2) lib/action_dispatch/middleware/show_exceptions.rb:33:in `call'
railties (5.2.4.2) lib/rails/rack/logger.rb:38:in `call_app'
railties (5.2.4.2) lib/rails/rack/logger.rb:26:in `block in call'
activesupport (5.2.4.2) lib/active_support/tagged_logging.rb:71:in `block in tagged'
activesupport (5.2.4.2) lib/active_support/tagged_logging.rb:28:in `tagged'
activesupport (5.2.4.2) lib/active_support/tagged_logging.rb:71:in `tagged'
railties (5.2.4.2) lib/rails/rack/logger.rb:26:in `call'
sprockets-rails (3.2.1) lib/sprockets/rails/quiet_assets.rb:13:in `call'
actionpack (5.2.4.2) lib/action_dispatch/middleware/remote_ip.rb:81:in `call'
actionpack (5.2.4.2) lib/action_dispatch/middleware/request_id.rb:27:in `call'
rack (2.2.2) lib/rack/method_override.rb:24:in `call'
rack (2.2.2) lib/rack/runtime.rb:22:in `call'
activesupport (5.2.4.2) lib/active_support/cache/strategy/local_cache_middleware.rb:29:in `call'
actionpack (5.2.4.2) lib/action_dispatch/middleware/executor.rb:14:in `call'
actionpack (5.2.4.2) lib/action_dispatch/middleware/static.rb:127:in `call'
rack (2.2.2) lib/rack/sendfile.rb:110:in `call'
railties (5.2.4.2) lib/rails/engine.rb:524:in `call'
puma (3.12.4) lib/puma/configuration.rb:227:in `call'
puma (3.12.4) lib/puma/server.rb:675:in `handle_request'
puma (3.12.4) lib/puma/server.rb:476:in `process_client'
puma (3.12.4) lib/puma/server.rb:334:in `block in run'
puma (3.12.4) lib/puma/thread_pool.rb:135:in `block in spawn_thread'
Started GET "/posts/" for 127.0.0.1 at 2020-04-01 04:32:40 +0530
  
ActionController::RoutingError (No route matches [GET] "/posts"):
  
actionpack (5.2.4.2) lib/action_dispatch/middleware/debug_exceptions.rb:65:in `call'
web-console (3.7.0) lib/web_console/middleware.rb:135:in `call_app'
web-console (3.7.0) lib/web_console/middleware.rb:30:in `block in call'
web-console (3.7.0) lib/web_console/middleware.rb:20:in `catch'
web-console (3.7.0) lib/web_console/middleware.rb:20:in `call'
actionpack (5.2.4.2) lib/action_dispatch/middleware/show_exceptions.rb:33:in `call'
railties (5.2.4.2) lib/rails/rack/logger.rb:38:in `call_app'
railties (5.2.4.2) lib/rails/rack/logger.rb:26:in `block in call'
activesupport (5.2.4.2) lib/active_support/tagged_logging.rb:71:in `block in tagged'
activesupport (5.2.4.2) lib/active_support/tagged_logging.rb:28:in `tagged'
activesupport (5.2.4.2) lib/active_support/tagged_logging.rb:71:in `tagged'
railties (5.2.4.2) lib/rails/rack/logger.rb:26:in `call'
sprockets-rails (3.2.1) lib/sprockets/rails/quiet_assets.rb:13:in `call'
actionpack (5.2.4.2) lib/action_dispatch/middleware/remote_ip.rb:81:in `call'
actionpack (5.2.4.2) lib/action_dispatch/middleware/request_id.rb:27:in `call'
rack (2.2.2) lib/rack/method_override.rb:24:in `call'
rack (2.2.2) lib/rack/runtime.rb:22:in `call'
activesupport (5.2.4.2) lib/active_support/cache/strategy/local_cache_middleware.rb:29:in `call'
actionpack (5.2.4.2) lib/action_dispatch/middleware/executor.rb:14:in `call'
actionpack (5.2.4.2) lib/action_dispatch/middleware/static.rb:127:in `call'
rack (2.2.2) lib/rack/sendfile.rb:110:in `call'
railties (5.2.4.2) lib/rails/engine.rb:524:in `call'
puma (3.12.4) lib/puma/configuration.rb:227:in `call'
puma (3.12.4) lib/puma/server.rb:675:in `handle_request'
puma (3.12.4) lib/puma/server.rb:476:in `process_client'
puma (3.12.4) lib/puma/server.rb:334:in `block in run'
puma (3.12.4) lib/puma/thread_pool.rb:135:in `block in spawn_thread'
Started GET "/products" for 127.0.0.1 at 2020-04-01 04:32:47 +0530
Processing by ProductsController#index as HTML
  Rendering products/index.html.erb within layouts/application
  [1m[36mProduct Load (0.2ms)[0m  [1m[34mSELECT `products`.* FROM `products`[0m
  ↳ app/views/products/index.html.erb:18
  Rendered products/index.html.erb within layouts/application (2.9ms)
Completed 200 OK in 217ms (Views: 214.1ms | ActiveRecord: 0.6ms)


  [1m[35m (0.3ms)[0m  [1m[35mSET NAMES utf8,  @@SESSION.sql_mode = CONCAT(CONCAT(@@sql_mode, ',STRICT_ALL_TABLES'), ',NO_AUTO_VALUE_ON_ZERO'),  @@SESSION.sql_auto_is_null = 0, @@SESSION.wait_timeout = 2147483[0m
  ↳ /home/jason/.rvm/gems/ruby-2.6.1/bin/rake:23
  [1m[35m (0.1ms)[0m  [1m[34mSELECT GET_LOCK('1605976831841687025', 0)[0m
  ↳ /home/jason/.rvm/gems/ruby-2.6.1/bin/rake:23
  [1m[35m (0.2ms)[0m  [1m[34mSELECT `schema_migrations`.`version` FROM `schema_migrations` ORDER BY `schema_migrations`.`version` ASC[0m
  ↳ /home/jason/.rvm/gems/ruby-2.6.1/bin/rake:23
Migrating to AddUserToProducts (20200331230443)
  [1m[35m (62.3ms)[0m  [1m[35mALTER TABLE `products` ADD `user_id` bigint[0m
  ↳ db/migrate/20200331230443_add_user_to_products.rb:3
  [1m[35m (27.8ms)[0m  [1m[35mCREATE  INDEX `index_products_on_user_id`  ON `products` (`user_id`) [0m
  ↳ db/migrate/20200331230443_add_user_to_products.rb:3
  [1m[35m (82.9ms)[0m  [1m[35mALTER TABLE `products` ADD CONSTRAINT `fk_rails_dee2631783`
FOREIGN KEY (`user_id`)
  REFERENCES `users` (`id`)
[0m
  ↳ db/migrate/20200331230443_add_user_to_products.rb:3
  [1m[35m (0.3ms)[0m  [1m[35mBEGIN[0m
  ↳ /home/jason/.rvm/gems/ruby-2.6.1/bin/rake:23
  [1m[36mActiveRecord::SchemaMigration Create (0.4ms)[0m  [1m[32mINSERT INTO `schema_migrations` (`version`) VALUES ('20200331230443')[0m
  ↳ /home/jason/.rvm/gems/ruby-2.6.1/bin/rake:23
  [1m[35m (8.5ms)[0m  [1m[35mCOMMIT[0m
  ↳ /home/jason/.rvm/gems/ruby-2.6.1/bin/rake:23
  [1m[36mActiveRecord::InternalMetadata Load (0.5ms)[0m  [1m[34mSELECT  `ar_internal_metadata`.* FROM `ar_internal_metadata` WHERE `ar_internal_metadata`.`key` = 'environment' LIMIT 1[0m
  ↳ /home/jason/.rvm/gems/ruby-2.6.1/bin/rake:23
  [1m[35m (0.1ms)[0m  [1m[35mBEGIN[0m
  ↳ /home/jason/.rvm/gems/ruby-2.6.1/bin/rake:23
  [1m[35m (0.2ms)[0m  [1m[35mCOMMIT[0m
  ↳ /home/jason/.rvm/gems/ruby-2.6.1/bin/rake:23
  [1m[35m (0.2ms)[0m  [1m[34mSELECT RELEASE_LOCK('1605976831841687025')[0m
  ↳ /home/jason/.rvm/gems/ruby-2.6.1/bin/rake:23
  [1m[35m (0.2ms)[0m  [1m[34mSELECT `schema_migrations`.`version` FROM `schema_migrations` ORDER BY `schema_migrations`.`version` ASC[0m
  ↳ /home/jason/.rvm/gems/ruby-2.6.1/bin/rake:23
  [1m[35m (0.2ms)[0m  [1m[35mSET NAMES utf8,  @@SESSION.sql_mode = CONCAT(CONCAT(@@sql_mode, ',STRICT_ALL_TABLES'), ',NO_AUTO_VALUE_ON_ZERO'),  @@SESSION.sql_auto_is_null = 0, @@SESSION.wait_timeout = 2147483[0m
  ↳ bin/rails:9
  [1m[35m (0.1ms)[0m  [1m[34mSELECT GET_LOCK('1605976831841687025', 0)[0m
  ↳ bin/rails:9
  [1m[35m (0.1ms)[0m  [1m[34mSELECT `schema_migrations`.`version` FROM `schema_migrations` ORDER BY `schema_migrations`.`version` ASC[0m
  ↳ bin/rails:9
  [1m[36mActiveRecord::InternalMetadata Load (0.2ms)[0m  [1m[34mSELECT  `ar_internal_metadata`.* FROM `ar_internal_metadata` WHERE `ar_internal_metadata`.`key` = 'environment' LIMIT 1[0m
  ↳ bin/rails:9
  [1m[35m (0.1ms)[0m  [1m[35mBEGIN[0m
  ↳ bin/rails:9
  [1m[35m (0.1ms)[0m  [1m[35mCOMMIT[0m
  ↳ bin/rails:9
  [1m[35m (0.1ms)[0m  [1m[34mSELECT RELEASE_LOCK('1605976831841687025')[0m
  ↳ bin/rails:9
  [1m[35m (0.1ms)[0m  [1m[34mSELECT `schema_migrations`.`version` FROM `schema_migrations` ORDER BY `schema_migrations`.`version` ASC[0m
  ↳ bin/rails:9
Started GET "/products" for 127.0.0.1 at 2020-04-01 05:01:57 +0530
  [1m[35m (0.2ms)[0m  [1m[35mSET NAMES utf8,  @@SESSION.sql_mode = CONCAT(CONCAT(@@sql_mode, ',STRICT_ALL_TABLES'), ',NO_AUTO_VALUE_ON_ZERO'),  @@SESSION.sql_auto_is_null = 0, @@SESSION.wait_timeout = 2147483[0m
  ↳ /home/jason/.rvm/gems/ruby-2.6.1/gems/activerecord-5.2.4.2/lib/active_record/log_subscriber.rb:98
  [1m[35m (0.1ms)[0m  [1m[34mSELECT `schema_migrations`.`version` FROM `schema_migrations` ORDER BY `schema_migrations`.`version` ASC[0m
  ↳ /home/jason/.rvm/gems/ruby-2.6.1/gems/activerecord-5.2.4.2/lib/active_record/log_subscriber.rb:98
Processing by ProductsController#index as HTML
Completed 401 Unauthorized in 8ms (ActiveRecord: 0.0ms)


Started GET "/users/sign_in" for 127.0.0.1 at 2020-04-01 05:01:57 +0530
Processing by Devise::SessionsController#new as HTML
  Rendering /home/jason/.rvm/gems/ruby-2.6.1/gems/devise-4.7.1/app/views/devise/sessions/new.html.erb within layouts/application
  Rendered /home/jason/.rvm/gems/ruby-2.6.1/gems/devise-4.7.1/app/views/devise/shared/_links.html.erb (1.1ms)
  Rendered /home/jason/.rvm/gems/ruby-2.6.1/gems/devise-4.7.1/app/views/devise/sessions/new.html.erb within layouts/application (9.3ms)
Completed 200 OK in 118ms (Views: 106.9ms | ActiveRecord: 0.7ms)


Started GET "/users/sign_up" for 127.0.0.1 at 2020-04-01 05:02:00 +0530
Processing by Devise::RegistrationsController#new as HTML
  Rendering /home/jason/.rvm/gems/ruby-2.6.1/gems/devise-4.7.1/app/views/devise/registrations/new.html.erb within layouts/application
  Rendered /home/jason/.rvm/gems/ruby-2.6.1/gems/devise-4.7.1/app/views/devise/shared/_error_messages.html.erb (0.3ms)
  Rendered /home/jason/.rvm/gems/ruby-2.6.1/gems/devise-4.7.1/app/views/devise/shared/_links.html.erb (0.5ms)
  Rendered /home/jason/.rvm/gems/ruby-2.6.1/gems/devise-4.7.1/app/views/devise/registrations/new.html.erb within layouts/application (2.7ms)
Completed 200 OK in 11ms (Views: 10.3ms | ActiveRecord: 0.0ms)


Started POST "/users" for 127.0.0.1 at 2020-04-01 05:02:15 +0530
Processing by Devise::RegistrationsController#create as HTML
  Parameters: {"utf8"=>"✓", "authenticity_token"=>"sCrSQ6ZhfdwWlyp42HmyGa6Dxp/PjRcVvAHTgvHcSQu8Onnr5xQ7Qokx1GsvhWP6cIU4PKFWNuJyUyyBr/gGWw==", "user"=>{"email"=>"jasonkrithik@gmail.com", "password"=>"[FILTERED]", "password_confirmation"=>"[FILTERED]"}, "commit"=>"Sign up"}
  [1m[35m (0.2ms)[0m  [1m[35mBEGIN[0m
  ↳ /home/jason/.rvm/gems/ruby-2.6.1/gems/activerecord-5.2.4.2/lib/active_record/log_subscriber.rb:98
  [1m[36mUser Exists (0.2ms)[0m  [1m[34mSELECT  1 AS one FROM `users` WHERE `users`.`email` = BINARY 'jasonkrithik@gmail.com' LIMIT 1[0m
  ↳ /home/jason/.rvm/gems/ruby-2.6.1/gems/activerecord-5.2.4.2/lib/active_record/log_subscriber.rb:98
  [1m[36mUser Create (0.2ms)[0m  [1m[32mINSERT INTO `users` (`email`, `encrypted_password`, `created_at`, `updated_at`) VALUES ('jasonkrithik@gmail.com', '$2a$11$1RxF0fbsVQUvIWmqseRvcu5bKK2Smn8zAa9.kZRPxxdVJcN2VDRVq', '2020-03-31 23:32:15', '2020-03-31 23:32:15')[0m
  ↳ /home/jason/.rvm/gems/ruby-2.6.1/gems/activerecord-5.2.4.2/lib/active_record/log_subscriber.rb:98
  [1m[35m (12.2ms)[0m  [1m[35mCOMMIT[0m
  ↳ /home/jason/.rvm/gems/ruby-2.6.1/gems/activerecord-5.2.4.2/lib/active_record/log_subscriber.rb:98
Redirected to http://localhost:3000/products
Completed 302 Found in 108ms (ActiveRecord: 12.8ms)


Started GET "/products" for 127.0.0.1 at 2020-04-01 05:02:15 +0530
Processing by ProductsController#index as HTML
  [1m[36mUser Load (0.3ms)[0m  [1m[34mSELECT  `users`.* FROM `users` WHERE `users`.`id` = 1 ORDER BY `users`.`id` ASC LIMIT 1[0m
  ↳ /home/jason/.rvm/gems/ruby-2.6.1/gems/activerecord-5.2.4.2/lib/active_record/log_subscriber.rb:98
  Rendering products/index.html.erb within layouts/application
  [1m[36mProduct Load (0.2ms)[0m  [1m[34mSELECT `products`.* FROM `products` WHERE `products`.`user_id` = 1[0m
  ↳ app/views/products/index.html.erb:19
  Rendered products/index.html.erb within layouts/application (0.9ms)
Completed 200 OK in 13ms (Views: 8.0ms | ActiveRecord: 0.9ms)


Started GET "/products/new" for 127.0.0.1 at 2020-04-01 05:02:22 +0530
Processing by ProductsController#new as HTML
  [1m[36mUser Load (0.3ms)[0m  [1m[34mSELECT  `users`.* FROM `users` WHERE `users`.`id` = 1 ORDER BY `users`.`id` ASC LIMIT 1[0m
  ↳ /home/jason/.rvm/gems/ruby-2.6.1/gems/activerecord-5.2.4.2/lib/active_record/log_subscriber.rb:98
  Rendering products/new.html.erb within layouts/application
  Rendered products/_form.html.erb (3.7ms)
  Rendered products/new.html.erb within layouts/application (4.2ms)
Completed 200 OK in 18ms (Views: 12.1ms | ActiveRecord: 0.6ms)


Started GET "/products" for 127.0.0.1 at 2020-04-01 05:03:04 +0530
Processing by ProductsController#index as HTML
Completed 401 Unauthorized in 0ms (ActiveRecord: 0.0ms)


Started GET "/users/sign_in" for 127.0.0.1 at 2020-04-01 05:03:04 +0530
Processing by Devise::SessionsController#new as HTML
  Rendering /home/jason/.rvm/gems/ruby-2.6.1/gems/devise-4.7.1/app/views/devise/sessions/new.html.erb within layouts/application
  Rendered /home/jason/.rvm/gems/ruby-2.6.1/gems/devise-4.7.1/app/views/devise/shared/_links.html.erb (0.5ms)
  Rendered /home/jason/.rvm/gems/ruby-2.6.1/gems/devise-4.7.1/app/views/devise/sessions/new.html.erb within layouts/application (1.9ms)
Completed 200 OK in 9ms (Views: 8.7ms | ActiveRecord: 0.0ms)


Started GET "/products/new" for 127.0.0.1 at 2020-04-01 05:05:20 +0530
Processing by ProductsController#new as HTML
  [1m[36mUser Load (0.6ms)[0m  [1m[34mSELECT  `users`.* FROM `users` WHERE `users`.`id` = 1 ORDER BY `users`.`id` ASC LIMIT 1[0m
  ↳ /home/jason/.rvm/gems/ruby-2.6.1/gems/activerecord-5.2.4.2/lib/active_record/log_subscriber.rb:98
  Rendering products/new.html.erb within layouts/application
  Rendered products/_form.html.erb (6.4ms)
  Rendered products/new.html.erb within layouts/application (7.7ms)
Completed 200 OK in 19ms (Views: 15.3ms | ActiveRecord: 0.6ms)


Started POST "/products" for 127.0.0.1 at 2020-04-01 05:06:03 +0530
Processing by ProductsController#create as HTML
  Parameters: {"utf8"=>"✓", "authenticity_token"=>"MppiYOdZYCjfAG7lr7yDxYhLYXd+NcLf3qE6dBhWjrh7aoNSsgSIybJz9ZTY3KsKJWhTF1BRlE7jyUwrBJ7Ijg==", "product"=>{"name"=>"hello", "description"=>"", "s_bid"=>"", "deadline(1i)"=>"2020", "deadline(2i)"=>"3", "deadline(3i)"=>"31", "deadline(4i)"=>"23", "deadline(5i)"=>"35", "contact"=>"", "img"=>#<ActionDispatch::Http::UploadedFile:0x00007f44581e9198 @tempfile=#<Tempfile:/tmp/RackMultipart20200401-13627-1r5c6nb.jpeg>, @original_filename="download.jpeg", @content_type="image/jpeg", @headers="Content-Disposition: form-data; name=\"product[img]\"; filename=\"download.jpeg\"\r\nContent-Type: image/jpeg\r\n">}, "commit"=>"Create Product"}
  [1m[36mUser Load (0.3ms)[0m  [1m[34mSELECT  `users`.* FROM `users` WHERE `users`.`id` = 1 ORDER BY `users`.`id` ASC LIMIT 1[0m
  ↳ /home/jason/.rvm/gems/ruby-2.6.1/gems/activerecord-5.2.4.2/lib/active_record/log_subscriber.rb:98
[36m  Disk Storage (0.4ms) [0m[32mUploaded file to key: hdBekSMvRmJ3VPF4uSBA5zj4 (checksum: MiXENZbug3GbQxdbLQR/Gw==)[0m
  [1m[35m (0.2ms)[0m  [1m[35mBEGIN[0m
  ↳ app/controllers/products_controller.rb:30
  [1m[36mActiveStorage::Blob Create (0.2ms)[0m  [1m[32mINSERT INTO `active_storage_blobs` (`key`, `filename`, `content_type`, `metadata`, `byte_size`, `checksum`, `created_at`) VALUES ('hdBekSMvRmJ3VPF4uSBA5zj4', 'download.jpeg', 'image/jpeg', '{\"identified\":true}', 5306, 'MiXENZbug3GbQxdbLQR/Gw==', '2020-03-31 23:36:03')[0m
  ↳ app/controllers/products_controller.rb:30
  [1m[35m (12.4ms)[0m  [1m[35mCOMMIT[0m
  ↳ app/controllers/products_controller.rb:30
  [1m[35m (0.3ms)[0m  [1m[35mBEGIN[0m
  ↳ app/controllers/products_controller.rb:30
  [1m[35m (0.3ms)[0m  [1m[35mCOMMIT[0m
  ↳ app/controllers/products_controller.rb:30
  [1m[35m (0.2ms)[0m  [1m[35mBEGIN[0m
  ↳ app/controllers/products_controller.rb:35
  [1m[36mProduct Create (0.4ms)[0m  [1m[32mINSERT INTO `products` (`name`, `description`, `deadline`, `contact`, `created_at`, `updated_at`, `user_id`) VALUES ('hello', '', '2020-03-31 23:35:00', '', '2020-03-31 23:36:03', '2020-03-31 23:36:03', 1)[0m
  ↳ app/controllers/products_controller.rb:35
  [1m[36mActiveStorage::Attachment Create (0.3ms)[0m  [1m[32mINSERT INTO `active_storage_attachments` (`name`, `record_type`, `record_id`, `blob_id`, `created_at`) VALUES ('img', 'Product', 1, 1, '2020-03-31 23:36:03')[0m
  ↳ app/controllers/products_controller.rb:35
  [1m[36mProduct Update (0.3ms)[0m  [1m[33mUPDATE `products` SET `updated_at` = '2020-03-31 23:36:03' WHERE `products`.`id` = 1[0m
  ↳ app/controllers/products_controller.rb:35
  [1m[35m (4.6ms)[0m  [1m[35mCOMMIT[0m
  ↳ app/controllers/products_controller.rb:35
[ActiveJob] Enqueued ActiveStorage::AnalyzeJob (Job ID: 178f1729-870d-4476-b28e-8a3eba2c0788) to Async(default) with arguments: #<GlobalID:0x00007f4465f18050 @uri=#<URI::GID gid://project/ActiveStorage::Blob/1>>
Redirected to http://localhost:3000/products/1
Completed 302 Found in 104ms (ActiveRecord: 21.5ms)


  [1m[36mActiveStorage::Blob Load (0.2ms)[0m  [1m[34mSELECT  `active_storage_blobs`.* FROM `active_storage_blobs` WHERE `active_storage_blobs`.`id` = 1 LIMIT 1[0m
  ↳ /home/jason/.rvm/gems/ruby-2.6.1/gems/activerecord-5.2.4.2/lib/active_record/log_subscriber.rb:98
[ActiveJob] [ActiveStorage::AnalyzeJob] [178f1729-870d-4476-b28e-8a3eba2c0788] Performing ActiveStorage::AnalyzeJob (Job ID: 178f1729-870d-4476-b28e-8a3eba2c0788) from Async(default) with arguments: #<GlobalID:0x00007f4465f40528 @uri=#<URI::GID gid://project/ActiveStorage::Blob/1>>
Started GET "/products/1" for 127.0.0.1 at 2020-04-01 05:06:03 +0530
Processing by ProductsController#show as HTML
[ActiveJob] [ActiveStorage::AnalyzeJob] [178f1729-870d-4476-b28e-8a3eba2c0788] [36m  Disk Storage (0.5ms) [0m[34mDownloaded file from key: hdBekSMvRmJ3VPF4uSBA5zj4[0m
  Parameters: {"id"=>"1"}
  [1m[36mUser Load (1.1ms)[0m  [1m[34mSELECT  `users`.* FROM `users` WHERE `users`.`id` = 1 ORDER BY `users`.`id` ASC LIMIT 1[0m
[ActiveJob] [ActiveStorage::AnalyzeJob] [178f1729-870d-4476-b28e-8a3eba2c0788] Skipping image analysis because the mini_magick gem isn't installed
  ↳ /home/jason/.rvm/gems/ruby-2.6.1/gems/activerecord-5.2.4.2/lib/active_record/log_subscriber.rb:98
[ActiveJob] [ActiveStorage::AnalyzeJob] [178f1729-870d-4476-b28e-8a3eba2c0788]   [1m[35m (0.4ms)[0m  [1m[35mBEGIN[0m
[ActiveJob] [ActiveStorage::AnalyzeJob] [178f1729-870d-4476-b28e-8a3eba2c0788]   ↳ /home/jason/.rvm/gems/ruby-2.6.1/gems/activerecord-5.2.4.2/lib/active_record/log_subscriber.rb:98
  [1m[36mProduct Load (0.6ms)[0m  [1m[34mSELECT  `products`.* FROM `products` WHERE `products`.`id` = 1 LIMIT 1[0m
  ↳ app/controllers/products_controller.rb:72
[ActiveJob] [ActiveStorage::AnalyzeJob] [178f1729-870d-4476-b28e-8a3eba2c0788]   [1m[36mActiveStorage::Blob Update (0.4ms)[0m  [1m[33mUPDATE `active_storage_blobs` SET `metadata` = '{\"identified\":true,\"analyzed\":true}' WHERE `active_storage_blobs`.`id` = 1[0m
[ActiveJob] [ActiveStorage::AnalyzeJob] [178f1729-870d-4476-b28e-8a3eba2c0788]   ↳ /home/jason/.rvm/gems/ruby-2.6.1/gems/activerecord-5.2.4.2/lib/active_record/log_subscriber.rb:98
  Rendering products/show.html.erb within layouts/application
  [1m[36mActiveStorage::Attachment Load (0.3ms)[0m  [1m[34mSELECT  `active_storage_attachments`.* FROM `active_storage_attachments` WHERE `active_storage_attachments`.`record_id` = 1 AND `active_storage_attachments`.`record_type` = 'Product' AND `active_storage_attachments`.`name` = 'img' LIMIT 1[0m
  ↳ app/views/products/show.html.erb:30
  [1m[36mActiveStorage::Blob Load (0.3ms)[0m  [1m[34mSELECT  `active_storage_blobs`.* FROM `active_storage_blobs` WHERE `active_storage_blobs`.`id` = 1 LIMIT 1[0m
  ↳ app/views/products/show.html.erb:30
  Rendered products/show.html.erb within layouts/application (4.3ms)
[ActiveJob] [ActiveStorage::AnalyzeJob] [178f1729-870d-4476-b28e-8a3eba2c0788]   [1m[35m (5.4ms)[0m  [1m[35mCOMMIT[0m
[ActiveJob] [ActiveStorage::AnalyzeJob] [178f1729-870d-4476-b28e-8a3eba2c0788]   ↳ /home/jason/.rvm/gems/ruby-2.6.1/gems/activerecord-5.2.4.2/lib/active_record/log_subscriber.rb:98
[ActiveJob] [ActiveStorage::AnalyzeJob] [178f1729-870d-4476-b28e-8a3eba2c0788] Performed ActiveStorage::AnalyzeJob (Job ID: 178f1729-870d-4476-b28e-8a3eba2c0788) from Async(default) in 10.55ms
Completed 200 OK in 15ms (Views: 10.9ms | ActiveRecord: 2.3ms)


Started GET "/rails/active_storage/blobs/eyJfcmFpbHMiOnsibWVzc2FnZSI6IkJBaHBCZz09IiwiZXhwIjpudWxsLCJwdXIiOiJibG9iX2lkIn19--77f3e15ba510c1eb6459fe2853a5c0976f662779/download.jpeg" for 127.0.0.1 at 2020-04-01 05:06:03 +0530
Processing by ActiveStorage::BlobsController#show as JPEG
  Parameters: {"signed_id"=>"eyJfcmFpbHMiOnsibWVzc2FnZSI6IkJBaHBCZz09IiwiZXhwIjpudWxsLCJwdXIiOiJibG9iX2lkIn19--77f3e15ba510c1eb6459fe2853a5c0976f662779", "filename"=>"download"}
  [1m[36mActiveStorage::Blob Load (0.3ms)[0m  [1m[34mSELECT  `active_storage_blobs`.* FROM `active_storage_blobs` WHERE `active_storage_blobs`.`id` = 1 LIMIT 1[0m
  ↳ /home/jason/.rvm/gems/ruby-2.6.1/gems/activerecord-5.2.4.2/lib/active_record/log_subscriber.rb:98
[36m  Disk Storage (0.7ms) [0m[34mGenerated URL for file at key: hdBekSMvRmJ3VPF4uSBA5zj4 (http://localhost:3000/rails/active_storage/disk/eyJfcmFpbHMiOnsibWVzc2FnZSI6IkJBaDdDRG9JYTJWNVNTSWRhR1JDWld0VFRYWlNiVW96VmxCR05IVlRRa0UxZW1vMEJqb0dSVlE2RUdScGMzQnZjMmwwYVc5dVNTSkZhVzVzYVc1bE95Qm1hV3hsYm1GdFpUMGlaRzkzYm14dllXUXVhbkJsWnlJN0lHWnBiR1Z1WVcxbEtqMVZWRVl0T0NjblpHOTNibXh2WVdRdWFuQmxad1k3QmxRNkVXTnZiblJsYm5SZmRIbHdaVWtpRDJsdFlXZGxMMnB3WldjR093WlUiLCJleHAiOiIyMDIwLTAzLTMxVDIzOjQxOjAzLjQ5NVoiLCJwdXIiOiJibG9iX2tleSJ9fQ==--8871869848b703c578d65e7cffd93f466e4a76e8/download.jpeg?content_type=image%2Fjpeg&disposition=inline%3B+filename%3D%22download.jpeg%22%3B+filename%2A%3DUTF-8%27%27download.jpeg)[0m
Redirected to http://localhost:3000/rails/active_storage/disk/eyJfcmFpbHMiOnsibWVzc2FnZSI6IkJBaDdDRG9JYTJWNVNTSWRhR1JDWld0VFRYWlNiVW96VmxCR05IVlRRa0UxZW1vMEJqb0dSVlE2RUdScGMzQnZjMmwwYVc5dVNTSkZhVzVzYVc1bE95Qm1hV3hsYm1GdFpUMGlaRzkzYm14dllXUXVhbkJsWnlJN0lHWnBiR1Z1WVcxbEtqMVZWRVl0T0NjblpHOTNibXh2WVdRdWFuQmxad1k3QmxRNkVXTnZiblJsYm5SZmRIbHdaVWtpRDJsdFlXZGxMMnB3WldjR093WlUiLCJleHAiOiIyMDIwLTAzLTMxVDIzOjQxOjAzLjQ5NVoiLCJwdXIiOiJibG9iX2tleSJ9fQ==--8871869848b703c578d65e7cffd93f466e4a76e8/download.jpeg?content_type=image%2Fjpeg&disposition=inline%3B+filename%3D%22download.jpeg%22%3B+filename%2A%3DUTF-8%27%27download.jpeg
Completed 302 Found in 3ms (ActiveRecord: 0.3ms)


Started GET "/rails/active_storage/disk/eyJfcmFpbHMiOnsibWVzc2FnZSI6IkJBaDdDRG9JYTJWNVNTSWRhR1JDWld0VFRYWlNiVW96VmxCR05IVlRRa0UxZW1vMEJqb0dSVlE2RUdScGMzQnZjMmwwYVc5dVNTSkZhVzVzYVc1bE95Qm1hV3hsYm1GdFpUMGlaRzkzYm14dllXUXVhbkJsWnlJN0lHWnBiR1Z1WVcxbEtqMVZWRVl0T0NjblpHOTNibXh2WVdRdWFuQmxad1k3QmxRNkVXTnZiblJsYm5SZmRIbHdaVWtpRDJsdFlXZGxMMnB3WldjR093WlUiLCJleHAiOiIyMDIwLTAzLTMxVDIzOjQxOjAzLjQ5NVoiLCJwdXIiOiJibG9iX2tleSJ9fQ==--8871869848b703c578d65e7cffd93f466e4a76e8/download.jpeg?content_type=image%2Fjpeg&disposition=inline%3B+filename%3D%22download.jpeg%22%3B+filename%2A%3DUTF-8%27%27download.jpeg" for 127.0.0.1 at 2020-04-01 05:06:03 +0530
Processing by ActiveStorage::DiskController#show as JPEG
  Parameters: {"content_type"=>"image/jpeg", "disposition"=>"inline; filename=\"download.jpeg\"; filename*=UTF-8''download.jpeg", "encoded_key"=>"eyJfcmFpbHMiOnsibWVzc2FnZSI6IkJBaDdDRG9JYTJWNVNTSWRhR1JDWld0VFRYWlNiVW96VmxCR05IVlRRa0UxZW1vMEJqb0dSVlE2RUdScGMzQnZjMmwwYVc5dVNTSkZhVzVzYVc1bE95Qm1hV3hsYm1GdFpUMGlaRzkzYm14dllXUXVhbkJsWnlJN0lHWnBiR1Z1WVcxbEtqMVZWRVl0T0NjblpHOTNibXh2WVdRdWFuQmxad1k3QmxRNkVXTnZiblJsYm5SZmRIbHdaVWtpRDJsdFlXZGxMMnB3WldjR093WlUiLCJleHAiOiIyMDIwLTAzLTMxVDIzOjQxOjAzLjQ5NVoiLCJwdXIiOiJibG9iX2tleSJ9fQ==--8871869848b703c578d65e7cffd93f466e4a76e8", "filename"=>"download"}
Completed 200 OK in 0ms (ActiveRecord: 0.0ms)


Started GET "/products" for 127.0.0.1 at 2020-04-01 05:06:17 +0530
Processing by ProductsController#index as HTML
  [1m[36mUser Load (0.3ms)[0m  [1m[34mSELECT  `users`.* FROM `users` WHERE `users`.`id` = 1 ORDER BY `users`.`id` ASC LIMIT 1[0m
  ↳ /home/jason/.rvm/gems/ruby-2.6.1/gems/activerecord-5.2.4.2/lib/active_record/log_subscriber.rb:98
  Rendering products/index.html.erb within layouts/application
  [1m[36mProduct Load (0.2ms)[0m  [1m[34mSELECT `products`.* FROM `products` WHERE `products`.`user_id` = 1[0m
  ↳ app/views/products/index.html.erb:19
  Rendered products/index.html.erb within layouts/application (1.8ms)
Completed 500 Internal Server Error in 4ms (ActiveRecord: 0.5ms)


  
ActionView::Template::Error (undefined method `img' for nil:NilClass):
    23:         <td><%= product.s_bid %></td>
    24:         <td><%= product.deadline %></td>
    25:         <td><%= product.contact %></td>
    26: 	<% if @product.img.attached? %>
    27:     	  <image src="<%=(url_for(@product.img))%>">
    28:   	<% end %>
    29:         <td><%= link_to 'Show', product %></td>
  
app/views/products/index.html.erb:26:in `block in _app_views_products_index_html_erb___1040287531285598517_69965756120700'
app/views/products/index.html.erb:19:in `_app_views_products_index_html_erb___1040287531285598517_69965756120700'
Started GET "/products" for 127.0.0.1 at 2020-04-01 05:09:00 +0530
Processing by ProductsController#index as HTML
  [1m[36mUser Load (0.6ms)[0m  [1m[34mSELECT  `users`.* FROM `users` WHERE `users`.`id` = 1 ORDER BY `users`.`id` ASC LIMIT 1[0m
  ↳ /home/jason/.rvm/gems/ruby-2.6.1/gems/activerecord-5.2.4.2/lib/active_record/log_subscriber.rb:98
  Rendering products/index.html.erb within layouts/application
  [1m[36mProduct Load (0.5ms)[0m  [1m[34mSELECT `products`.* FROM `products` WHERE `products`.`user_id` = 1[0m
  ↳ app/views/products/index.html.erb:19
  [1m[36mActiveStorage::Attachment Load (0.5ms)[0m  [1m[34mSELECT  `active_storage_attachments`.* FROM `active_storage_attachments` WHERE `active_storage_attachments`.`record_id` = 1 AND `active_storage_attachments`.`record_type` = 'Product' AND `active_storage_attachments`.`name` = 'img' LIMIT 1[0m
  ↳ app/views/products/index.html.erb:26
  [1m[36mActiveStorage::Blob Load (0.4ms)[0m  [1m[34mSELECT  `active_storage_blobs`.* FROM `active_storage_blobs` WHERE `active_storage_blobs`.`id` = 1 LIMIT 1[0m
  ↳ app/views/products/index.html.erb:26
  Rendered products/index.html.erb within layouts/application (10.6ms)
Completed 500 Internal Server Error in 17ms (ActiveRecord: 2.1ms)


  
ActionView::Template::Error (undefined method `img' for nil:NilClass):
    24:         <td><%= product.deadline %></td>
    25:         <td><%= product.contact %></td>
    26: 	<% if product.img.attached? %>
    27:     	  <image src="<%=(url_for(@product.img))%>">
    28:   	<% end %>
    29:         <td><%= link_to 'Show', product %></td>
    30:         <td><%= link_to 'Edit', edit_product_path(product) %></td>
  
app/views/products/index.html.erb:27:in `block in _app_views_products_index_html_erb___1040287531285598517_69965990689580'
app/views/products/index.html.erb:19:in `_app_views_products_index_html_erb___1040287531285598517_69965990689580'
Started GET "/products" for 127.0.0.1 at 2020-04-01 05:09:18 +0530
Processing by ProductsController#index as HTML
  [1m[36mUser Load (0.5ms)[0m  [1m[34mSELECT  `users`.* FROM `users` WHERE `users`.`id` = 1 ORDER BY `users`.`id` ASC LIMIT 1[0m
  ↳ /home/jason/.rvm/gems/ruby-2.6.1/gems/activerecord-5.2.4.2/lib/active_record/log_subscriber.rb:98
  Rendering products/index.html.erb within layouts/application
  [1m[36mProduct Load (0.5ms)[0m  [1m[34mSELECT `products`.* FROM `products` WHERE `products`.`user_id` = 1[0m
  ↳ app/views/products/index.html.erb:19
  [1m[36mActiveStorage::Attachment Load (0.5ms)[0m  [1m[34mSELECT  `active_storage_attachments`.* FROM `active_storage_attachments` WHERE `active_storage_attachments`.`record_id` = 1 AND `active_storage_attachments`.`record_type` = 'Product' AND `active_storage_attachments`.`name` = 'img' LIMIT 1[0m
  ↳ app/views/products/index.html.erb:26
  [1m[36mActiveStorage::Blob Load (0.4ms)[0m  [1m[34mSELECT  `active_storage_blobs`.* FROM `active_storage_blobs` WHERE `active_storage_blobs`.`id` = 1 LIMIT 1[0m
  ↳ app/views/products/index.html.erb:26
  Rendered products/index.html.erb within layouts/application (7.2ms)
Completed 200 OK in 30ms (Views: 25.4ms | ActiveRecord: 1.8ms)


Started GET "/rails/active_storage/blobs/eyJfcmFpbHMiOnsibWVzc2FnZSI6IkJBaHBCZz09IiwiZXhwIjpudWxsLCJwdXIiOiJibG9iX2lkIn19--77f3e15ba510c1eb6459fe2853a5c0976f662779/download.jpeg" for 127.0.0.1 at 2020-04-01 05:09:18 +0530
Processing by ActiveStorage::BlobsController#show as JPEG
  Parameters: {"signed_id"=>"eyJfcmFpbHMiOnsibWVzc2FnZSI6IkJBaHBCZz09IiwiZXhwIjpudWxsLCJwdXIiOiJibG9iX2lkIn19--77f3e15ba510c1eb6459fe2853a5c0976f662779", "filename"=>"download"}
  [1m[36mActiveStorage::Blob Load (0.5ms)[0m  [1m[34mSELECT  `active_storage_blobs`.* FROM `active_storage_blobs` WHERE `active_storage_blobs`.`id` = 1 LIMIT 1[0m
  ↳ /home/jason/.rvm/gems/ruby-2.6.1/gems/activerecord-5.2.4.2/lib/active_record/log_subscriber.rb:98
[36m  Disk Storage (0.7ms) [0m[34mGenerated URL for file at key: hdBekSMvRmJ3VPF4uSBA5zj4 (http://localhost:3000/rails/active_storage/disk/eyJfcmFpbHMiOnsibWVzc2FnZSI6IkJBaDdDRG9JYTJWNVNTSWRhR1JDWld0VFRYWlNiVW96VmxCR05IVlRRa0UxZW1vMEJqb0dSVlE2RUdScGMzQnZjMmwwYVc5dVNTSkZhVzVzYVc1bE95Qm1hV3hsYm1GdFpUMGlaRzkzYm14dllXUXVhbkJsWnlJN0lHWnBiR1Z1WVcxbEtqMVZWRVl0T0NjblpHOTNibXh2WVdRdWFuQmxad1k3QmxRNkVXTnZiblJsYm5SZmRIbHdaVWtpRDJsdFlXZGxMMnB3WldjR093WlUiLCJleHAiOiIyMDIwLTAzLTMxVDIzOjQ0OjE4LjkxOFoiLCJwdXIiOiJibG9iX2tleSJ9fQ==--294f82c4ccf9a5bf4afb0d273f97c4c3c86f311a/download.jpeg?content_type=image%2Fjpeg&disposition=inline%3B+filename%3D%22download.jpeg%22%3B+filename%2A%3DUTF-8%27%27download.jpeg)[0m
Redirected to http://localhost:3000/rails/active_storage/disk/eyJfcmFpbHMiOnsibWVzc2FnZSI6IkJBaDdDRG9JYTJWNVNTSWRhR1JDWld0VFRYWlNiVW96VmxCR05IVlRRa0UxZW1vMEJqb0dSVlE2RUdScGMzQnZjMmwwYVc5dVNTSkZhVzVzYVc1bE95Qm1hV3hsYm1GdFpUMGlaRzkzYm14dllXUXVhbkJsWnlJN0lHWnBiR1Z1WVcxbEtqMVZWRVl0T0NjblpHOTNibXh2WVdRdWFuQmxad1k3QmxRNkVXTnZiblJsYm5SZmRIbHdaVWtpRDJsdFlXZGxMMnB3WldjR093WlUiLCJleHAiOiIyMDIwLTAzLTMxVDIzOjQ0OjE4LjkxOFoiLCJwdXIiOiJibG9iX2tleSJ9fQ==--294f82c4ccf9a5bf4afb0d273f97c4c3c86f311a/download.jpeg?content_type=image%2Fjpeg&disposition=inline%3B+filename%3D%22download.jpeg%22%3B+filename%2A%3DUTF-8%27%27download.jpeg
Completed 302 Found in 4ms (ActiveRecord: 0.5ms)


Started GET "/rails/active_storage/disk/eyJfcmFpbHMiOnsibWVzc2FnZSI6IkJBaDdDRG9JYTJWNVNTSWRhR1JDWld0VFRYWlNiVW96VmxCR05IVlRRa0UxZW1vMEJqb0dSVlE2RUdScGMzQnZjMmwwYVc5dVNTSkZhVzVzYVc1bE95Qm1hV3hsYm1GdFpUMGlaRzkzYm14dllXUXVhbkJsWnlJN0lHWnBiR1Z1WVcxbEtqMVZWRVl0T0NjblpHOTNibXh2WVdRdWFuQmxad1k3QmxRNkVXTnZiblJsYm5SZmRIbHdaVWtpRDJsdFlXZGxMMnB3WldjR093WlUiLCJleHAiOiIyMDIwLTAzLTMxVDIzOjQ0OjE4LjkxOFoiLCJwdXIiOiJibG9iX2tleSJ9fQ==--294f82c4ccf9a5bf4afb0d273f97c4c3c86f311a/download.jpeg?content_type=image%2Fjpeg&disposition=inline%3B+filename%3D%22download.jpeg%22%3B+filename%2A%3DUTF-8%27%27download.jpeg" for 127.0.0.1 at 2020-04-01 05:09:18 +0530
Processing by ActiveStorage::DiskController#show as JPEG
  Parameters: {"content_type"=>"image/jpeg", "disposition"=>"inline; filename=\"download.jpeg\"; filename*=UTF-8''download.jpeg", "encoded_key"=>"eyJfcmFpbHMiOnsibWVzc2FnZSI6IkJBaDdDRG9JYTJWNVNTSWRhR1JDWld0VFRYWlNiVW96VmxCR05IVlRRa0UxZW1vMEJqb0dSVlE2RUdScGMzQnZjMmwwYVc5dVNTSkZhVzVzYVc1bE95Qm1hV3hsYm1GdFpUMGlaRzkzYm14dllXUXVhbkJsWnlJN0lHWnBiR1Z1WVcxbEtqMVZWRVl0T0NjblpHOTNibXh2WVdRdWFuQmxad1k3QmxRNkVXTnZiblJsYm5SZmRIbHdaVWtpRDJsdFlXZGxMMnB3WldjR093WlUiLCJleHAiOiIyMDIwLTAzLTMxVDIzOjQ0OjE4LjkxOFoiLCJwdXIiOiJibG9iX2tleSJ9fQ==--294f82c4ccf9a5bf4afb0d273f97c4c3c86f311a", "filename"=>"download"}
Completed 200 OK in 1ms (ActiveRecord: 0.0ms)


